<?xml version="1.0" encoding="UTF-8"?>
<!-- Generated by org.testng.reporters.JUnitReportReporter -->
<testsuite skipped="0" hostname="NSRY0779102018" name="helpers.TestRunner" tests="1" failures="0" timestamp="25 Jan 2023 09:15:06 GMT" time="7.828" errors="0">
  <testcase name="runScenario" time="7.828" classname="helpers.TestRunner"/>
</testsuite> <!-- helpers.TestRunner -->
